Using pre-set license
Built from '2021.3/staging' branch; Version is '2021.3.29f1 (204d6dc9ae1c) revision 2116973'; Using compiler version '192829333'; Build Type 'Release'
OS: 'Windows 11  (10.0.22621) 64bit CoreSingleLanguage' Language: 'en' Physical Memory: 16167 MB
BatchMode: 1, IsHumanControllingUs: 0, StartBugReporterOnCrash: 0, Is64bit: 1, IsPro: 1

COMMAND LINE ARGUMENTS:
C:\Program Files\Unity\Hub\Editor\2021.3.29f1\Editor\Unity.exe
-adb2
-batchMode
-noUpm
-name
AssetImportWorker1
-projectPath
D:/Work/Quinces/BrainGame/BrianGame
-logFile
Logs/AssetImportWorker1.log
-srvPort
62994
Successfully changed project path to: D:/Work/Quinces/BrainGame/BrianGame
D:/Work/Quinces/BrainGame/BrianGame
[UnityMemory] Configuration Parameters - Can be set up in boot.config
    "memorysetup-bucket-allocator-granularity=16"
    "memorysetup-bucket-allocator-bucket-count=8"
    "memorysetup-bucket-allocator-block-size=33554432"
    "memorysetup-bucket-allocator-block-count=8"
    "memorysetup-main-allocator-block-size=16777216"
    "memorysetup-thread-allocator-block-size=16777216"
    "memorysetup-gfx-main-allocator-block-size=16777216"
    "memorysetup-gfx-thread-allocator-block-size=16777216"
    "memorysetup-cache-allocator-block-size=4194304"
    "memorysetup-typetree-allocator-block-size=2097152"
    "memorysetup-profiler-bucket-allocator-granularity=16"
    "memorysetup-profiler-bucket-allocator-bucket-count=8"
    "memorysetup-profiler-bucket-allocator-block-size=33554432"
    "memorysetup-profiler-bucket-allocator-block-count=8"
    "memorysetup-profiler-allocator-block-size=16777216"
    "memorysetup-profiler-editor-allocator-block-size=1048576"
    "memorysetup-temp-allocator-size-main=16777216"
    "memorysetup-job-temp-allocator-block-size=2097152"
    "memorysetup-job-temp-allocator-block-size-background=1048576"
    "memorysetup-job-temp-allocator-reduction-small-platforms=262144"
    "memorysetup-temp-allocator-size-background-worker=32768"
    "memorysetup-temp-allocator-size-job-worker=262144"
    "memorysetup-temp-allocator-size-preload-manager=33554432"
    "memorysetup-temp-allocator-size-nav-mesh-worker=65536"
    "memorysetup-temp-allocator-size-audio-worker=65536"
    "memorysetup-temp-allocator-size-cloud-worker=32768"
    "memorysetup-temp-allocator-size-gi-baking-worker=262144"
    "memorysetup-temp-allocator-size-gfx=262144"
Player connection [7548] Host "[IP] 192.168.0.105 [Port] 0 [Flags] 2 [Guid] 928996077 [EditorId] 928996077 [Version] 1048832 [Id] WindowsEditor(7,Rajesh) [Debug] 1 [PackageName] WindowsEditor [ProjectName] Editor" joined multi-casting on [225.0.0.222:54997]...

Player connection [7548] Host "[IP] 192.168.0.105 [Port] 0 [Flags] 2 [Guid] 928996077 [EditorId] 928996077 [Version] 1048832 [Id] WindowsEditor(7,Rajesh) [Debug] 1 [PackageName] WindowsEditor [ProjectName] Editor" joined alternative multi-casting on [225.0.0.222:34997]...

Refreshing native plugins compatible for Editor in 83.46 ms, found 4 plugins.
Preloading 0 native plugins for Editor in 0.00 ms.
Initialize engine version: 2021.3.29f1 (204d6dc9ae1c)
[Subsystems] Discovering subsystems at path C:/Program Files/Unity/Hub/Editor/2021.3.29f1/Editor/Data/Resources/UnitySubsystems
[Subsystems] Discovering subsystems at path D:/Work/Quinces/BrainGame/BrianGame/Assets
GfxDevice: creating device client; threaded=0; jobified=0
Direct3D:
    Version:  Direct3D 11.0 [level 11.1]
    Renderer: Intel(R) Iris(R) Xe Graphics (ID=0x9a49)
    Vendor:   Intel
    VRAM:     8083 MB
    Driver:   30.0.101.1003
Initialize mono
Mono path[0] = 'C:/Program Files/Unity/Hub/Editor/2021.3.29f1/Editor/Data/Managed'
Mono path[1] = 'C:/Program Files/Unity/Hub/Editor/2021.3.29f1/Editor/Data/MonoBleedingEdge/lib/mono/unityjit-win32'
Mono config path = 'C:/Program Files/Unity/Hub/Editor/2021.3.29f1/Editor/Data/MonoBleedingEdge/etc'
Using monoOptions --debugger-agent=transport=dt_socket,embedding=1,server=y,suspend=n,address=127.0.0.1:56636
Begin MonoManager ReloadAssembly
Registering precompiled unity dll's ...
Register platform support module: C:/Program Files/Unity/Hub/Editor/2021.3.29f1/Editor/Data/PlaybackEngines/AndroidPlayer/UnityEditor.Android.Extensions.dll
Register platform support module: C:/Program Files/Unity/Hub/Editor/2021.3.29f1/Editor/Data/PlaybackEngines/WindowsStandaloneSupport/UnityEditor.WindowsStandalone.Extensions.dll
Registered in 0.006400 seconds.
Native extension for WindowsStandalone target not found
Native extension for Android target not found
Android Extension - Scanning For ADB Devices 254 ms
Refreshing native plugins compatible for Editor in 69.28 ms, found 4 plugins.
Preloading 0 native plugins for Editor in 0.00 ms.
Mono: successfully reloaded assembly
- Completed reload, in  0.976 seconds
Domain Reload Profiling:
	ReloadAssembly (977ms)
		BeginReloadAssembly (171ms)
			ExecutionOrderSort (0ms)
			DisableScriptedObjects (0ms)
			BackupInstance (0ms)
			ReleaseScriptingObjects (0ms)
			CreateAndSetChildDomain (1ms)
		EndReloadAssembly (711ms)
			LoadAssemblies (170ms)
			RebuildTransferFunctionScriptingTraits (0ms)
			SetupTypeCache (104ms)
			ReleaseScriptCaches (0ms)
			RebuildScriptCaches (24ms)
			SetupLoadedEditorAssemblies (538ms)
				LogAssemblyErrors (0ms)
				InitializePlatformSupportModulesInManaged (336ms)
				SetLoadedEditorAssemblies (0ms)
				RefreshPlugins (69ms)
				BeforeProcessingInitializeOnLoad (2ms)
				ProcessInitializeOnLoadAttributes (80ms)
				ProcessInitializeOnLoadMethodAttributes (50ms)
				AfterProcessingInitializeOnLoad (0ms)
				EditorAssembliesLoaded (0ms)
			ExecutionOrderSort2 (0ms)
			AwakeInstancesAfterBackupRestoration (0ms)
Platform modules already initialized, skipping
Registering precompiled user dll's ...
Registered in 0.004996 seconds.
Begin MonoManager ReloadAssembly
Symbol file LoadedFromMemory doesn't match image D:\Work\Quinces\BrainGame\BrianGame\Library\PackageCache\com.unity.visualscripting@1.8.0\Editor\VisualScripting.Core\Dependencies\YamlDotNet\Unity.VisualScripting.YamlDotNet.dll
Symbol file LoadedFromMemory doesn't match image D:\Work\Quinces\BrainGame\BrianGame\Library\PackageCache\com.unity.visualscripting@1.8.0\Editor\VisualScripting.Core\Dependencies\DotNetZip\Unity.VisualScripting.IonicZip.dll
Native extension for WindowsStandalone target not found
Native extension for Android target not found
Refreshing native plugins compatible for Editor in 81.76 ms, found 4 plugins.
Preloading 0 native plugins for Editor in 0.00 ms.
Mono: successfully reloaded assembly
- Completed reload, in  1.107 seconds
Domain Reload Profiling:
	ReloadAssembly (1107ms)
		BeginReloadAssembly (95ms)
			ExecutionOrderSort (0ms)
			DisableScriptedObjects (5ms)
			BackupInstance (0ms)
			ReleaseScriptingObjects (0ms)
			CreateAndSetChildDomain (17ms)
		EndReloadAssembly (926ms)
			LoadAssemblies (75ms)
			RebuildTransferFunctionScriptingTraits (0ms)
			SetupTypeCache (254ms)
			ReleaseScriptCaches (1ms)
			RebuildScriptCaches (53ms)
			SetupLoadedEditorAssemblies (431ms)
				LogAssemblyErrors (0ms)
				InitializePlatformSupportModulesInManaged (24ms)
				SetLoadedEditorAssemblies (0ms)
				RefreshPlugins (82ms)
				BeforeProcessingInitializeOnLoad (90ms)
				ProcessInitializeOnLoadAttributes (191ms)
				ProcessInitializeOnLoadMethodAttributes (37ms)
				AfterProcessingInitializeOnLoad (6ms)
				EditorAssembliesLoaded (0ms)
			ExecutionOrderSort2 (0ms)
			AwakeInstancesAfterBackupRestoration (5ms)
Platform modules already initialized, skipping
========================================================================
Worker process is ready to serve import requests
Launched and connected shader compiler UnityShaderCompiler.exe after 0.06 seconds
Refreshing native plugins compatible for Editor in 0.62 ms, found 4 plugins.
Preloading 0 native plugins for Editor in 0.00 ms.
Unloading 3830 Unused Serialized files (Serialized files now loaded: 0)
Unloading 35 unused Assets / (46.5 KB). Loaded Objects now: 4299.
Memory consumption went from 152.5 MB to 152.5 MB.
Total: 2.567800 ms (FindLiveObjects: 0.264800 ms CreateObjectMapping: 0.109000 ms MarkObjects: 2.110100 ms  DeleteObjects: 0.082900 ms)

AssetImportParameters requested are different than current active one (requested -> active):
  custom:video-decoder-ogg-theora: a1e56fd34408186e4bbccfd4996cb3dc -> 
  custom:container-muxer-webm: aa71ff27fc2769a1b78a27578f13a17b -> 
  custom:container-demuxer-webm: 4f35f7cbe854078d1ac9338744f61a02 -> 
  custom:video-encoder-webm-vp8: eb34c28f22e8b96e1ab97ce403110664 -> 
  custom:video-codec-MediaFoundation-h265: 746d11721c4dcdbdad8f713fa42b33f4 -> 
  custom:CustomObjectIndexerAttribute: bc11b3a6c3213fcdd17b65e7da85e133 -> 
  custom:audio-encoder-webm-vorbis: bf7c407c2cedff20999df2af8eb42d56 -> 
  custom:framework-win-MediaFoundation: 216162199b28c13a410421893ffa2e32 -> 
  custom:container-demuxer-ogg: 62fdf1f143b41e24485cea50d1cbac27 -> 
  custom:video-decoder-webm-vp8: 9c59270c3fd7afecdb556c50c9e8de78 -> 
  custom:audio-decoder-ogg-vorbis: bf7c407c2cedff20999df2af8eb42d56 -> 
========================================================================
Received Import Request.
  Time since last request: 2552147.142948 seconds.
  path: Assets/Designs/HowMany
  artifactKey: Guid(4aa33007d1193df449822cd64956f902) Importer(815301076,1909f56bfc062723c751e8b465ee728b)
Start importing Assets/Designs/HowMany using Guid(4aa33007d1193df449822cd64956f902) Importer(815301076,1909f56bfc062723c751e8b465ee728b)  -> (artifact id: '996d15ce21f038e56fcf96ab4975f138') in 0.006727 seconds 
========================================================================
Received Import Request.
  Time since last request: 10.404721 seconds.
  path: Assets/Designs/HowMany/White-Square-PNG-Photos.png
  artifactKey: Guid(7b8cab46a0e25dd439d6136d6a9d04d2) Importer(815301076,1909f56bfc062723c751e8b465ee728b)
Start importing Assets/Designs/HowMany/White-Square-PNG-Photos.png using Guid(7b8cab46a0e25dd439d6136d6a9d04d2) Importer(815301076,1909f56bfc062723c751e8b465ee728b)  -> (artifact id: '813cc4cd2eec823190709b880f05c41e') in 0.091424 seconds 
========================================================================
Received Import Request.
  Time since last request: 1619.069196 seconds.
  path: Assets/Designs/HowMany/How Many/Shape (22).png
  artifactKey: Guid(0dc73d666e60d344b9b9651f6299d213) Importer(815301076,1909f56bfc062723c751e8b465ee728b)
Start importing Assets/Designs/HowMany/How Many/Shape (22).png using Guid(0dc73d666e60d344b9b9651f6299d213) Importer(815301076,1909f56bfc062723c751e8b465ee728b)  -> (artifact id: '09f4b2c645cf3a1b8334dacf3441cc23') in 0.025653 seconds 
========================================================================
Received Import Request.
  Time since last request: 0.000031 seconds.
  path: Assets/Designs/HowMany/How Many/toy (9).png
  artifactKey: Guid(2c1fd4bfa176c9d488429e8fe1dea53f) Importer(815301076,1909f56bfc062723c751e8b465ee728b)
Start importing Assets/Designs/HowMany/How Many/toy (9).png using Guid(2c1fd4bfa176c9d488429e8fe1dea53f) Importer(815301076,1909f56bfc062723c751e8b465ee728b)  -> (artifact id: '486bcf7cc5364261286f5fcf51f7ce28') in 0.019063 seconds 
========================================================================
Received Import Request.
  Time since last request: 0.000030 seconds.
  path: Assets/Designs/HowMany/How Many/toy (16).png
  artifactKey: Guid(b58558ebd678c2540b78c3be4efa35f5) Importer(815301076,1909f56bfc062723c751e8b465ee728b)
Start importing Assets/Designs/HowMany/How Many/toy (16).png using Guid(b58558ebd678c2540b78c3be4efa35f5) Importer(815301076,1909f56bfc062723c751e8b465ee728b)  -> (artifact id: 'df26c18aafd13be1ef7907615efa1d60') in 0.019154 seconds 
========================================================================
Received Import Request.
  Time since last request: 0.000025 seconds.
  path: Assets/Designs/HowMany/How Many/Shape (24).png
  artifactKey: Guid(dd9ea0793f8d74747ac0a8d510936472) Importer(815301076,1909f56bfc062723c751e8b465ee728b)
Start importing Assets/Designs/HowMany/How Many/Shape (24).png using Guid(dd9ea0793f8d74747ac0a8d510936472) Importer(815301076,1909f56bfc062723c751e8b465ee728b)  -> (artifact id: '90c4d42b707731ac18257a3e139d58f6') in 0.019360 seconds 
========================================================================
Received Import Request.
  Time since last request: 0.000025 seconds.
  path: Assets/Designs/HowMany/How Many/toy (17).png
  artifactKey: Guid(9694dcc7f207c42498c5533d972fe9f2) Importer(815301076,1909f56bfc062723c751e8b465ee728b)
Start importing Assets/Designs/HowMany/How Many/toy (17).png using Guid(9694dcc7f207c42498c5533d972fe9f2) Importer(815301076,1909f56bfc062723c751e8b465ee728b)  -> (artifact id: '82fff7e0c7b982402363b1f4174f7acf') in 0.020139 seconds 
========================================================================
Received Import Request.
  Time since last request: 0.000023 seconds.
  path: Assets/Designs/HowMany/How Many/toy (55).png
  artifactKey: Guid(b66db2f8cd1926d4cb97674bd966bcd6) Importer(815301076,1909f56bfc062723c751e8b465ee728b)
Start importing Assets/Designs/HowMany/How Many/toy (55).png using Guid(b66db2f8cd1926d4cb97674bd966bcd6) Importer(815301076,1909f56bfc062723c751e8b465ee728b)  -> (artifact id: '9fd5d4441b04aac4fdd083ecc12d5375') in 0.020856 seconds 
========================================================================
Received Import Request.
  Time since last request: 0.000024 seconds.
  path: Assets/Designs/HowMany/How Many/toy (13).png
  artifactKey: Guid(957936bcfbea1a74dbd8107f25a0ef44) Importer(815301076,1909f56bfc062723c751e8b465ee728b)
Start importing Assets/Designs/HowMany/How Many/toy (13).png using Guid(957936bcfbea1a74dbd8107f25a0ef44) Importer(815301076,1909f56bfc062723c751e8b465ee728b)  -> (artifact id: '1757cc7576960fcc861fac72efec88c9') in 0.022524 seconds 
========================================================================
Received Import Request.
  Time since last request: 0.000033 seconds.
  path: Assets/Designs/HowMany/How Many/toy (20).png
  artifactKey: Guid(7d32168100dd3a74eb08a2a30106a1a5) Importer(815301076,1909f56bfc062723c751e8b465ee728b)
Start importing Assets/Designs/HowMany/How Many/toy (20).png using Guid(7d32168100dd3a74eb08a2a30106a1a5) Importer(815301076,1909f56bfc062723c751e8b465ee728b)  -> (artifact id: '807bd695f47ea4323fe59d63eb19bc76') in 0.021283 seconds 
